<?xml version="1.0" encoding="UTF-8"?>
<!-- Generated by org.testng.reporters.JUnitXMLReporter -->
<testsuite ignored="0" hostname="GGVK" failures="0" tests="5" name="Default test" time="25.731" errors="0" timestamp="2021-08-28T06:26:49 IST">
  <testcase classname="ggvkGID.ggvkAID.Tc" name="TC_00005" time="0.374"/>
  <testcase classname="ggvkGID.ggvkAID.Tc" name="TC_00004" time="0.897"/>
  <testcase classname="ggvkGID.ggvkAID.Tc" name="TC_00003" time="0.902"/>
  <testcase classname="ggvkGID.ggvkAID.Tc" name="TC_00002" time="0.968"/>
  <testcase classname="ggvkGID.ggvkAID.Tc" name="TC_00001" time="2.162"/>
</testsuite> <!-- Default test -->
