<?xml version="1.0" encoding="UTF-8"?>
<!-- Generated by org.testng.reporters.JUnitXMLReporter -->
<testsuite ignored="0" hostname="GGVK" failures="0" tests="5" name="Test" time="30.493" errors="0" timestamp="2021-08-28T06:32:10 IST">
  <testcase classname="ggvkGID.ggvkAID.Tc" name="TC_00005" time="0.406"/>
  <testcase classname="ggvkGID.ggvkAID.Tc" name="TC_00004" time="1.426"/>
  <testcase classname="ggvkGID.ggvkAID.Tc" name="TC_00003" time="0.892"/>
  <testcase classname="ggvkGID.ggvkAID.Tc" name="TC_00002" time="0.805"/>
  <testcase classname="ggvkGID.ggvkAID.Tc" name="TC_00001" time="2.275"/>
</testsuite> <!-- Test -->
