<?xml version="1.0" encoding="UTF-8"?>
<testng-results ignored="0" total="5" passed="5" failed="0" skipped="0">
  <reporter-output>
  </reporter-output>
  <suite started-at="2021-08-28T06:31:39 IST" name="Suite" finished-at="2021-08-28T06:32:10 IST" duration-ms="30493">
    <groups>
      <group name="login">
        <method signature="Tc.TC_00001()[pri:5, instance:ggvkGID.ggvkAID.Tc@6babf3bf]" name="TC_00001" class="ggvkGID.ggvkAID.Tc"/>
        <method signature="Tc.TC_00002()[pri:4, instance:ggvkGID.ggvkAID.Tc@6babf3bf]" name="TC_00002" class="ggvkGID.ggvkAID.Tc"/>
        <method signature="Tc.TC_00003()[pri:3, instance:ggvkGID.ggvkAID.Tc@6babf3bf]" name="TC_00003" class="ggvkGID.ggvkAID.Tc"/>
        <method signature="Tc.TC_00004()[pri:2, instance:ggvkGID.ggvkAID.Tc@6babf3bf]" name="TC_00004" class="ggvkGID.ggvkAID.Tc"/>
        <method signature="Tc.TC_00005()[pri:1, instance:ggvkGID.ggvkAID.Tc@6babf3bf]" name="TC_00005" class="ggvkGID.ggvkAID.Tc"/>
      </group> <!-- login -->
    </groups>
    <test started-at="2021-08-28T06:31:39 IST" name="Test" finished-at="2021-08-28T06:32:10 IST" duration-ms="30493">
      <class name="ggvkGID.ggvkAID.Tc">
        <test-method is-config="true" signature="beforemethod()[pri:0, instance:ggvkGID.ggvkAID.Tc@6babf3bf]" started-at="2021-08-28T06:31:39 IST" name="beforemethod" finished-at="2021-08-28T06:31:43 IST" duration-ms="4269" status="PASS">
          <reporter-output>
          </reporter-output>
        </test-method> <!-- beforemethod -->
        <test-method signature="TC_00005()[pri:1, instance:ggvkGID.ggvkAID.Tc@6babf3bf]" started-at="2021-08-28T06:31:43 IST" name="TC_00005" finished-at="2021-08-28T06:31:44 IST" duration-ms="406" status="PASS">
          <reporter-output>
          </reporter-output>
        </test-method> <!-- TC_00005 -->
        <test-method is-config="true" signature="aftermethod()[pri:0, instance:ggvkGID.ggvkAID.Tc@6babf3bf]" started-at="2021-08-28T06:31:44 IST" name="aftermethod" finished-at="2021-08-28T06:31:44 IST" duration-ms="34" status="PASS">
          <reporter-output>
          </reporter-output>
        </test-method> <!-- aftermethod -->
        <test-method is-config="true" signature="beforemethod()[pri:0, instance:ggvkGID.ggvkAID.Tc@6babf3bf]" started-at="2021-08-28T06:31:44 IST" name="beforemethod" finished-at="2021-08-28T06:31:54 IST" duration-ms="10055" status="PASS">
          <reporter-output>
          </reporter-output>
        </test-method> <!-- beforemethod -->
        <test-method signature="TC_00004()[pri:2, instance:ggvkGID.ggvkAID.Tc@6babf3bf]" started-at="2021-08-28T06:31:54 IST" name="TC_00004" finished-at="2021-08-28T06:31:55 IST" duration-ms="1426" status="PASS">
          <reporter-output>
          </reporter-output>
        </test-method> <!-- TC_00004 -->
        <test-method is-config="true" signature="aftermethod()[pri:0, instance:ggvkGID.ggvkAID.Tc@6babf3bf]" started-at="2021-08-28T06:31:55 IST" name="aftermethod" finished-at="2021-08-28T06:31:56 IST" duration-ms="102" status="PASS">
          <reporter-output>
          </reporter-output>
        </test-method> <!-- aftermethod -->
        <test-method is-config="true" signature="beforemethod()[pri:0, instance:ggvkGID.ggvkAID.Tc@6babf3bf]" started-at="2021-08-28T06:31:56 IST" name="beforemethod" finished-at="2021-08-28T06:31:59 IST" duration-ms="3243" status="PASS">
          <reporter-output>
          </reporter-output>
        </test-method> <!-- beforemethod -->
        <test-method signature="TC_00003()[pri:3, instance:ggvkGID.ggvkAID.Tc@6babf3bf]" started-at="2021-08-28T06:31:59 IST" name="TC_00003" finished-at="2021-08-28T06:32:00 IST" duration-ms="892" status="PASS">
          <reporter-output>
          </reporter-output>
        </test-method> <!-- TC_00003 -->
        <test-method is-config="true" signature="aftermethod()[pri:0, instance:ggvkGID.ggvkAID.Tc@6babf3bf]" started-at="2021-08-28T06:32:00 IST" name="aftermethod" finished-at="2021-08-28T06:32:00 IST" duration-ms="30" status="PASS">
          <reporter-output>
          </reporter-output>
        </test-method> <!-- aftermethod -->
        <test-method is-config="true" signature="beforemethod()[pri:0, instance:ggvkGID.ggvkAID.Tc@6babf3bf]" started-at="2021-08-28T06:32:00 IST" name="beforemethod" finished-at="2021-08-28T06:32:03 IST" duration-ms="3605" status="PASS">
          <reporter-output>
          </reporter-output>
        </test-method> <!-- beforemethod -->
        <test-method signature="TC_00002()[pri:4, instance:ggvkGID.ggvkAID.Tc@6babf3bf]" started-at="2021-08-28T06:32:03 IST" name="TC_00002" finished-at="2021-08-28T06:32:04 IST" duration-ms="805" status="PASS">
          <reporter-output>
          </reporter-output>
        </test-method> <!-- TC_00002 -->
        <test-method is-config="true" signature="aftermethod()[pri:0, instance:ggvkGID.ggvkAID.Tc@6babf3bf]" started-at="2021-08-28T06:32:04 IST" name="aftermethod" finished-at="2021-08-28T06:32:04 IST" duration-ms="28" status="PASS">
          <reporter-output>
          </reporter-output>
        </test-method> <!-- aftermethod -->
        <test-method is-config="true" signature="beforemethod()[pri:0, instance:ggvkGID.ggvkAID.Tc@6babf3bf]" started-at="2021-08-28T06:32:04 IST" name="beforemethod" finished-at="2021-08-28T06:32:07 IST" duration-ms="3230" status="PASS">
          <reporter-output>
          </reporter-output>
        </test-method> <!-- beforemethod -->
        <test-method signature="TC_00001()[pri:5, instance:ggvkGID.ggvkAID.Tc@6babf3bf]" started-at="2021-08-28T06:32:07 IST" name="TC_00001" finished-at="2021-08-28T06:32:10 IST" duration-ms="2275" status="PASS">
          <reporter-output>
          </reporter-output>
        </test-method> <!-- TC_00001 -->
        <test-method is-config="true" signature="aftermethod()[pri:0, instance:ggvkGID.ggvkAID.Tc@6babf3bf]" started-at="2021-08-28T06:32:10 IST" name="aftermethod" finished-at="2021-08-28T06:32:10 IST" duration-ms="45" status="PASS">
          <reporter-output>
          </reporter-output>
        </test-method> <!-- aftermethod -->
      </class> <!-- ggvkGID.ggvkAID.Tc -->
    </test> <!-- Test -->
  </suite> <!-- Suite -->
</testng-results>
